<?xml version="1.0" encoding="UTF-8"?>
<!-- Generated by org.testng.reporters.JUnitXMLReporter -->
<testsuite ignored="0" hostname="LQA-WATHER" failures="0" tests="3" name="Default test" time="4.336" errors="0" timestamp="2020-11-09T03:33:43 PST">
  <testcase classname="testng.Test_Cases" name="test_1_openPage" time="2.334"/>
  <testcase classname="testng.Test_Cases" name="test_2_open_chapter1" time="1.173"/>
  <testcase classname="testng.Test_Cases" name="test_3_navigate_back" time="0.122"/>
</testsuite> <!-- Default test -->
