<?xml version="1.0" encoding="UTF-8"?>
<testng-results ignored="0" total="3" passed="3" failed="0" skipped="0">
  <reporter-output>
  </reporter-output>
  <suite started-at="2020-11-09T03:33:58 PST" name="Test Suite" finished-at="2020-11-09T03:34:03 PST" duration-ms="5072">
    <groups>
    </groups>
    <test started-at="2020-11-09T03:33:58 PST" name="verify Chapterone Text" finished-at="2020-11-09T03:34:03 PST" duration-ms="5072">
      <class name="testng.Test_Cases">
        <test-method is-config="true" signature="Setup()[pri:0, instance:testng.Test_Cases@4ebea12c]" started-at="2020-11-09T03:33:58 PST" name="Setup" finished-at="2020-11-09T03:33:58 PST" duration-ms="25" status="PASS">
          <reporter-output>
          </reporter-output>
        </test-method> <!-- Setup -->
        <test-method signature="test_1_openPage()[pri:1, instance:testng.Test_Cases@4ebea12c]" started-at="2020-11-09T03:33:58 PST" name="test_1_openPage" finished-at="2020-11-09T03:34:00 PST" duration-ms="2361" status="PASS">
          <reporter-output>
          </reporter-output>
        </test-method> <!-- test_1_openPage -->
        <test-method signature="test_2_open_chapter1()[pri:2, instance:testng.Test_Cases@4ebea12c]" started-at="2020-11-09T03:34:00 PST" name="test_2_open_chapter1" finished-at="2020-11-09T03:34:02 PST" duration-ms="1373" status="PASS">
          <reporter-output>
          </reporter-output>
        </test-method> <!-- test_2_open_chapter1 -->
        <test-method signature="test_3_navigate_back()[pri:3, instance:testng.Test_Cases@4ebea12c]" started-at="2020-11-09T03:34:02 PST" name="test_3_navigate_back" finished-at="2020-11-09T03:34:02 PST" duration-ms="66" status="PASS">
          <reporter-output>
          </reporter-output>
        </test-method> <!-- test_3_navigate_back -->
        <test-method is-config="true" signature="teardown()[pri:0, instance:testng.Test_Cases@4ebea12c]" started-at="2020-11-09T03:34:02 PST" name="teardown" finished-at="2020-11-09T03:34:03 PST" duration-ms="1189" status="PASS">
          <reporter-output>
          </reporter-output>
        </test-method> <!-- teardown -->
      </class> <!-- testng.Test_Cases -->
    </test> <!-- verify Chapterone Text -->
  </suite> <!-- Test Suite -->
</testng-results>
