<?xml version="1.0" encoding="UTF-8"?>
<testng-results ignored="0" total="3" passed="3" failed="0" skipped="0">
  <reporter-output>
  </reporter-output>
  <suite started-at="2020-11-09T13:18:15 PST" name="Test Suite" finished-at="2020-11-09T13:18:20 PST" duration-ms="4788">
    <groups>
    </groups>
    <test started-at="2020-11-09T13:18:15 PST" name="verify Chapterone Text" finished-at="2020-11-09T13:18:20 PST" duration-ms="4788">
      <class name="com.corcentric.testCases.TestCorcentric">
        <test-method is-config="true" signature="Setup()[pri:0, instance:com.corcentric.testCases.TestCorcentric@4ebea12c]" started-at="2020-11-09T13:18:15 PST" name="Setup" finished-at="2020-11-09T13:18:15 PST" duration-ms="8" status="PASS">
          <reporter-output>
          </reporter-output>
        </test-method> <!-- Setup -->
        <test-method signature="testOneOpenPage()[pri:1, instance:com.corcentric.testCases.TestCorcentric@4ebea12c]" started-at="2020-11-09T13:18:15 PST" name="testOneOpenPage" finished-at="2020-11-09T13:18:18 PST" duration-ms="2950" status="PASS">
          <reporter-output>
          </reporter-output>
        </test-method> <!-- testOneOpenPage -->
        <test-method signature="testTwoOpenChapter1()[pri:2, instance:com.corcentric.testCases.TestCorcentric@4ebea12c]" started-at="2020-11-09T13:18:18 PST" name="testTwoOpenChapter1" finished-at="2020-11-09T13:18:19 PST" duration-ms="1129" status="PASS">
          <reporter-output>
          </reporter-output>
        </test-method> <!-- testTwoOpenChapter1 -->
        <test-method signature="testThreeNavigateBack()[pri:3, instance:com.corcentric.testCases.TestCorcentric@4ebea12c]" started-at="2020-11-09T13:18:19 PST" name="testThreeNavigateBack" finished-at="2020-11-09T13:18:19 PST" duration-ms="69" status="PASS">
          <reporter-output>
          </reporter-output>
        </test-method> <!-- testThreeNavigateBack -->
        <test-method is-config="true" signature="teardown()[pri:0, instance:com.corcentric.testCases.TestCorcentric@4ebea12c]" started-at="2020-11-09T13:18:19 PST" name="teardown" finished-at="2020-11-09T13:18:20 PST" duration-ms="597" status="PASS">
          <reporter-output>
          </reporter-output>
        </test-method> <!-- teardown -->
      </class> <!-- com.corcentric.testCases.TestCorcentric -->
    </test> <!-- verify Chapterone Text -->
  </suite> <!-- Test Suite -->
</testng-results>
