<?xml version="1.0" encoding="UTF-8"?>
<!-- Generated by org.testng.reporters.JUnitXMLReporter -->
<testsuite ignored="0" hostname="LQA-WATHER" failures="0" tests="3" name="verify Chapterone Text" time="5.072" errors="0" timestamp="2020-11-09T03:34:03 PST">
  <testcase classname="testng.Test_Cases" name="test_1_openPage" time="2.361"/>
  <testcase classname="testng.Test_Cases" name="test_2_open_chapter1" time="1.373"/>
  <testcase classname="testng.Test_Cases" name="test_3_navigate_back" time="0.066"/>
</testsuite> <!-- verify Chapterone Text -->
