<?xml version="1.0" encoding="UTF-8"?>
<!-- Generated by org.testng.reporters.JUnitXMLReporter -->
<testsuite ignored="0" hostname="LQA-WATHER" failures="0" tests="3" name="verify Chapterone Text" time="4.788" errors="0" timestamp="2020-11-09T13:18:20 PST">
  <testcase classname="com.corcentric.testCases.TestCorcentric" name="testOneOpenPage" time="2.95"/>
  <testcase classname="com.corcentric.testCases.TestCorcentric" name="testTwoOpenChapter1" time="1.129"/>
  <testcase classname="com.corcentric.testCases.TestCorcentric" name="testThreeNavigateBack" time="0.069"/>
</testsuite> <!-- verify Chapterone Text -->
